Starting a Gradle Daemon, 1 incompatible and 1 stopped Daemons could not be reused, use --status for details
> Task :compileJava UP-TO-DATE
> Task :processResources UP-TO-DATE
> Task :classes UP-TO-DATE
> Task :resolveMainClassName UP-TO-DATE

> Task :bootRun

  .   ____          _            __ _ _
 /\\ / ___'_ __ _ _(_)_ __  __ _ \ \ \ \
( ( )\___ | '_ | '_| | '_ \/ _` | \ \ \ \
 \\/  ___)| |_)| | | | | || (_| |  ) ) ) )
  '  |____| .__|_| |_|_| |_\__, | / / / /
 =========|_|==============|___/=/_/_/_/

 :: Spring Boot ::                (v3.3.6)

2025-12-24T16:21:38.089+09:00  INFO 51132 --- [yt-orchestrator-spring] [           main] c.c.yt.YtOrchestratorSpringApplication   : Starting YtOrchestratorSpringApplication using Java 21.0.8 with PID 51132 (C:\Users\charg\myWorkspace\yt-orchestrator\yt-orchestrator_spring\build\classes\java\main started by charg in C:\Users\charg\myWorkspace\yt-orchestrator\yt-orchestrator_spring)
2025-12-24T16:21:38.094+09:00  INFO 51132 --- [yt-orchestrator-spring] [           main] c.c.yt.YtOrchestratorSpringApplication   : No active profile set, falling back to 1 default profile: "default"
2025-12-24T16:21:38.509+09:00  INFO 51132 --- [yt-orchestrator-spring] [           main] .s.d.r.c.RepositoryConfigurationDelegate : Bootstrapping Spring Data Reactive MongoDB repositories in DEFAULT mode.
2025-12-24T16:21:38.588+09:00  INFO 51132 --- [yt-orchestrator-spring] [           main] .s.d.r.c.RepositoryConfigurationDelegate : Finished Spring Data repository scanning in 76 ms. Found 1 Reactive MongoDB repository interface.
2025-12-24T16:21:39.064+09:00  INFO 51132 --- [yt-orchestrator-spring] [           main] org.mongodb.driver.client                : MongoClient with metadata {"driver": {"name": "mongo-java-driver|reactive-streams|spring-boot", "version": "5.0.1"}, "os": {"type": "Windows", "name": "Windows 11", "architecture": "amd64", "version": "10.0"}, "platform": "Java/Microsoft/21.0.8+9-LTS"} created with settings MongoClientSettings{readPreference=primary, writeConcern=WriteConcern{w=null, wTimeout=null ms, journal=null}, retryWrites=true, retryReads=true, readConcern=ReadConcern{level=null}, credential=null, transportSettings=NettyTransportSettings{eventLoopGroup=io.netty.channel.nio.NioEventLoopGroup@790d8fdd, socketChannelClass=null, allocator=null, sslContext=null}, commandListeners=[io.micrometer.core.instrument.binder.mongodb.MongoMetricsCommandListener@6403a4a5], codecRegistry=ProvidersCodecRegistry{codecProviders=[ValueCodecProvider{}, BsonValueCodecProvider{}, DBRefCodecProvider{}, DBObjectCodecProvider{}, DocumentCodecProvider{}, CollectionCodecProvider{}, IterableCodecProvider{}, MapCodecProvider{}, GeoJsonCodecProvider{}, GridFSFileCodecProvider{}, Jsr310CodecProvider{}, JsonObjectCodecProvider{}, BsonCodecProvider{}, EnumCodecProvider{}, com.mongodb.client.model.mql.ExpressionCodecProvider@3dbd7107, com.mongodb.Jep395RecordCodecProvider@4a6c0f38, com.mongodb.KotlinCodecProvider@5f8a02cf]}, loggerSettings=LoggerSettings{maxDocumentLength=1000}, clusterSettings={hosts=[localhost:27017], srvServiceName=mongodb, mode=SINGLE, requiredClusterType=UNKNOWN, requiredReplicaSetName='null', serverSelector='null', clusterListeners='[]', serverSelectionTimeout='30000 ms', localThreshold='15 ms'}, socketSettings=SocketSettings{connectTimeoutMS=10000, readTimeoutMS=0, receiveBufferSize=0, proxySettings=ProxySettings{host=null, port=null, username=null, password=null}}, heartbeatSocketSettings=SocketSettings{connectTimeoutMS=10000, readTimeoutMS=10000, receiveBufferSize=0, proxySettings=ProxySettings{host=null, port=null, username=null, password=null}}, connectionPoolSettings=ConnectionPoolSettings{maxSize=100, minSize=0, maxWaitTimeMS=120000, maxConnectionLifeTimeMS=0, maxConnectionIdleTimeMS=0, maintenanceInitialDelayMS=0, maintenanceFrequencyMS=60000, connectionPoolListeners=[io.micrometer.core.instrument.binder.mongodb.MongoMetricsConnectionPoolListener@26d5a317], maxConnecting=2}, serverSettings=ServerSettings{heartbeatFrequencyMS=10000, minHeartbeatFrequencyMS=500, serverListeners='[]', serverMonitorListeners='[]'}, sslSettings=SslSettings{enabled=false, invalidHostNameAllowed=false, context=null}, applicationName='null', compressorList=[], uuidRepresentation=JAVA_LEGACY, serverApi=null, autoEncryptionSettings=null, dnsClient=null, inetAddressResolver=null, contextProvider=null}
2025-12-24T16:21:39.090+09:00  INFO 51132 --- [yt-orchestrator-spring] [localhost:27017] org.mongodb.driver.cluster               : Exception in monitor thread while connecting to server localhost:27017

com.mongodb.MongoSocketOpenException: Exception opening socket
	at com.mongodb.internal.connection.netty.NettyStream$OpenChannelFutureListener.lambda$operationComplete$1(NettyStream.java:527) ~[mongodb-driver-core-5.0.1.jar:na]
	at com.mongodb.internal.Locks.lambda$withLock$0(Locks.java:33) ~[mongodb-driver-core-5.0.1.jar:na]
	at com.mongodb.internal.Locks.checkedWithLock(Locks.java:45) ~[mongodb-driver-core-5.0.1.jar:na]
	at com.mongodb.internal.Locks.withLock(Locks.java:39) ~[mongodb-driver-core-5.0.1.jar:na]
	at com.mongodb.internal.Locks.withLock(Locks.java:32) ~[mongodb-driver-core-5.0.1.jar:na]
	at com.mongodb.internal.connection.netty.NettyStream$OpenChannelFutureListener.operationComplete(NettyStream.java:514) ~[mongodb-driver-core-5.0.1.jar:na]
	at com.mongodb.internal.connection.netty.NettyStream$OpenChannelFutureListener.operationComplete(NettyStream.java:500) ~[mongodb-driver-core-5.0.1.jar:na]
	at io.netty.util.concurrent.DefaultPromise.notifyListener0(DefaultPromise.java:590) ~[netty-common-4.1.115.Final.jar:4.1.115.Final]
	at io.netty.util.concurrent.DefaultPromise.notifyListeners0(DefaultPromise.java:583) ~[netty-common-4.1.115.Final.jar:4.1.115.Final]
	at io.netty.util.concurrent.DefaultPromise.notifyListenersNow(DefaultPromise.java:559) ~[netty-common-4.1.115.Final.jar:4.1.115.Final]
	at io.netty.util.concurrent.DefaultPromise.notifyListeners(DefaultPromise.java:492) ~[netty-common-4.1.115.Final.jar:4.1.115.Final]
	at io.netty.util.concurrent.DefaultPromise.setValue0(DefaultPromise.java:636) ~[netty-common-4.1.115.Final.jar:4.1.115.Final]
	at io.netty.util.concurrent.DefaultPromise.setFailure0(DefaultPromise.java:629) ~[netty-common-4.1.115.Final.jar:4.1.115.Final]
	at io.netty.util.concurrent.DefaultPromise.tryFailure(DefaultPromise.java:118) ~[netty-common-4.1.115.Final.jar:4.1.115.Final]
	at io.netty.channel.nio.AbstractNioChannel$AbstractNioUnsafe.fulfillConnectPromise(AbstractNioChannel.java:326) ~[netty-transport-4.1.115.Final.jar:4.1.115.Final]
	at io.netty.channel.nio.AbstractNioChannel$AbstractNioUnsafe.finishConnect(AbstractNioChannel.java:342) ~[netty-transport-4.1.115.Final.jar:4.1.115.Final]
	at io.netty.channel.nio.NioEventLoop.processSelectedKey(NioEventLoop.java:776) ~[netty-transport-4.1.115.Final.jar:4.1.115.Final]
	at io.netty.channel.nio.NioEventLoop.processSelectedKeysOptimized(NioEventLoop.java:724) ~[netty-transport-4.1.115.Final.jar:4.1.115.Final]
	at io.netty.channel.nio.NioEventLoop.processSelectedKeys(NioEventLoop.java:650) ~[netty-transport-4.1.115.Final.jar:4.1.115.Final]
	at io.netty.channel.nio.NioEventLoop.run(NioEventLoop.java:562) ~[netty-transport-4.1.115.Final.jar:4.1.115.Final]
	at io.netty.util.concurrent.SingleThreadEventExecutor$4.run(SingleThreadEventExecutor.java:997) ~[netty-common-4.1.115.Final.jar:4.1.115.Final]
	at io.netty.util.internal.ThreadExecutorMap$2.run(ThreadExecutorMap.java:74) ~[netty-common-4.1.115.Final.jar:4.1.115.Final]
	at io.netty.util.concurrent.FastThreadLocalRunnable.run(FastThreadLocalRunnable.java:30) ~[netty-common-4.1.115.Final.jar:4.1.115.Final]
	at java.base/java.lang.Thread.run(Thread.java:1583) ~[na:na]
Caused by: io.netty.channel.AbstractChannel$AnnotatedConnectException: Connection refused: getsockopt: localhost/[0:0:0:0:0:0:0:1]:27017
Caused by: java.net.ConnectException: Connection refused: getsockopt
	at java.base/sun.nio.ch.Net.pollConnect(Native Method) ~[na:na]
	at java.base/sun.nio.ch.Net.pollConnectNow(Net.java:682) ~[na:na]
	at java.base/sun.nio.ch.SocketChannelImpl.finishConnect(SocketChannelImpl.java:973) ~[na:na]
	at io.netty.channel.socket.nio.NioSocketChannel.doFinishConnect(NioSocketChannel.java:336) ~[netty-transport-4.1.115.Final.jar:4.1.115.Final]
	at io.netty.channel.nio.AbstractNioChannel$AbstractNioUnsafe.finishConnect(AbstractNioChannel.java:339) ~[netty-transport-4.1.115.Final.jar:4.1.115.Final]
	at io.netty.channel.nio.NioEventLoop.processSelectedKey(NioEventLoop.java:776) ~[netty-transport-4.1.115.Final.jar:4.1.115.Final]
	at io.netty.channel.nio.NioEventLoop.processSelectedKeysOptimized(NioEventLoop.java:724) ~[netty-transport-4.1.115.Final.jar:4.1.115.Final]
	at io.netty.channel.nio.NioEventLoop.processSelectedKeys(NioEventLoop.java:650) ~[netty-transport-4.1.115.Final.jar:4.1.115.Final]
	at io.netty.channel.nio.NioEventLoop.run(NioEventLoop.java:562) ~[netty-transport-4.1.115.Final.jar:4.1.115.Final]
	at io.netty.util.concurrent.SingleThreadEventExecutor$4.run(SingleThreadEventExecutor.java:997) ~[netty-common-4.1.115.Final.jar:4.1.115.Final]
	at io.netty.util.internal.ThreadExecutorMap$2.run(ThreadExecutorMap.java:74) ~[netty-common-4.1.115.Final.jar:4.1.115.Final]
	at io.netty.util.concurrent.FastThreadLocalRunnable.run(FastThreadLocalRunnable.java:30) ~[netty-common-4.1.115.Final.jar:4.1.115.Final]
	at java.base/java.lang.Thread.run(Thread.java:1583) ~[na:na]

2025-12-24T16:21:39.397+09:00  INFO 51132 --- [yt-orchestrator-spring] [           main] o.s.b.a.e.web.EndpointLinksResolver      : Exposing 1 endpoint beneath base path '/actuator'
2025-12-24T16:21:39.533+09:00  INFO 51132 --- [yt-orchestrator-spring] [           main] o.s.b.web.embedded.netty.NettyWebServer  : Netty started on port 8080 (http)
2025-12-24T16:21:39.538+09:00  INFO 51132 --- [yt-orchestrator-spring] [           main] c.c.yt.YtOrchestratorSpringApplication   : Started YtOrchestratorSpringApplication in 1.686 seconds (process running for 1.889)
2025-12-24T16:21:51.642+09:00  INFO 51132 --- [yt-orchestrator-spring] [ctor-http-nio-2] org.mongodb.driver.cluster               : Waiting for server to become available for operation with ID 1. Remaining time: 29999 ms. Selector: ReadPreferenceServerSelector{readPreference=primary}, topology description: {type=UNKNOWN, servers=[{address=localhost:27017, type=UNKNOWN, state=CONNECTING, exception={com.mongodb.MongoSocketOpenException: Exception opening socket}, caused by {io.netty.channel.AbstractChannel$AnnotatedConnectException: Connection refused: getsockopt: localhost/[0:0:0:0:0:0:0:1]:27017}, caused by {java.net.ConnectException: Connection refused: getsockopt}}].
2025-12-24T16:22:21.652+09:00  WARN 51132 --- [yt-orchestrator-spring] [2b31b14ce104c25] o.s.b.a.d.m.MongoReactiveHealthIndicator : Mongo health check failed

org.springframework.dao.DataAccessResourceFailureException: Timed out while waiting for a server that matches ReadPreferenceServerSelector{readPreference=primary}. Client view of cluster state is {type=UNKNOWN, servers=[{address=localhost:27017, type=UNKNOWN, state=CONNECTING, exception={com.mongodb.MongoSocketOpenException: Exception opening socket}, caused by {io.netty.channel.AbstractChannel$AnnotatedConnectException: Connection refused: getsockopt: localhost/[0:0:0:0:0:0:0:1]:27017}, caused by {java.net.ConnectException: Connection refused: getsockopt}}]
	at org.springframework.data.mongodb.core.MongoExceptionTranslator.translateExceptionIfPossible(MongoExceptionTranslator.java:88) ~[spring-data-mongodb-4.3.6.jar:4.3.6]
	at org.springframework.data.mongodb.core.ReactiveMongoTemplate.potentiallyConvertRuntimeException(ReactiveMongoTemplate.java:2768) ~[spring-data-mongodb-4.3.6.jar:4.3.6]
	at org.springframework.data.mongodb.core.ReactiveMongoTemplate.lambda$translateException$99(ReactiveMongoTemplate.java:2751) ~[spring-data-mongodb-4.3.6.jar:4.3.6]
	at reactor.core.publisher.Flux.lambda$onErrorMap$28(Flux.java:7275) ~[reactor-core-3.6.12.jar:3.6.12]
	at reactor.core.publisher.FluxOnErrorResume$ResumeSubscriber.onError(FluxOnErrorResume.java:94) ~[reactor-core-3.6.12.jar:3.6.12]
	at reactor.core.publisher.MonoFlatMapMany$FlatMapManyInner.onError(MonoFlatMapMany.java:256) ~[reactor-core-3.6.12.jar:3.6.12]
	at reactor.core.publisher.MonoNext$NextSubscriber.onError(MonoNext.java:93) ~[reactor-core-3.6.12.jar:3.6.12]
	at reactor.core.publisher.MonoNext$NextSubscriber.onError(MonoNext.java:93) ~[reactor-core-3.6.12.jar:3.6.12]
	at reactor.core.publisher.MonoFlatMap$FlatMapMain.secondError(MonoFlatMap.java:241) ~[reactor-core-3.6.12.jar:3.6.12]
	at reactor.core.publisher.MonoFlatMap$FlatMapInner.onError(MonoFlatMap.java:315) ~[reactor-core-3.6.12.jar:3.6.12]
	at reactor.core.publisher.MonoPeekTerminal$MonoTerminalPeekSubscriber.onError(MonoPeekTerminal.java:258) ~[reactor-core-3.6.12.jar:3.6.12]
	at reactor.core.publisher.MonoCreate$DefaultMonoSink.error(MonoCreate.java:205) ~[reactor-core-3.6.12.jar:3.6.12]
	at com.mongodb.reactivestreams.client.internal.MongoOperationPublisher.lambda$sinkToCallback$33(MongoOperationPublisher.java:520) ~[mongodb-driver-reactivestreams-5.0.1.jar:na]
	at com.mongodb.reactivestreams.client.internal.OperationExecutorImpl.lambda$execute$2(OperationExecutorImpl.java:94) ~[mongodb-driver-reactivestreams-5.0.1.jar:na]
	at com.mongodb.internal.async.ErrorHandlingResultCallback.onResult(ErrorHandlingResultCallback.java:47) ~[mongodb-driver-core-5.0.1.jar:na]
	at com.mongodb.internal.async.function.AsyncCallbackSupplier.lambda$whenComplete$1(AsyncCallbackSupplier.java:97) ~[mongodb-driver-core-5.0.1.jar:na]
	at com.mongodb.internal.async.function.RetryingAsyncCallbackSupplier$RetryingCallback.onResult(RetryingAsyncCallbackSupplier.java:118) ~[mongodb-driver-core-5.0.1.jar:na]
	at com.mongodb.internal.async.ErrorHandlingResultCallback.onResult(ErrorHandlingResultCallback.java:47) ~[mongodb-driver-core-5.0.1.jar:na]
	at com.mongodb.internal.operation.AsyncOperationHelper.lambda$withAsyncSuppliedResource$3(AsyncOperationHelper.java:130) ~[mongodb-driver-core-5.0.1.jar:na]
	at com.mongodb.reactivestreams.client.internal.ClientSessionBinding$WrappingCallback.onResult(ClientSessionBinding.java:295) ~[mongodb-driver-reactivestreams-5.0.1.jar:na]
	at com.mongodb.reactivestreams.client.internal.ClientSessionBinding$WrappingCallback.onResult(ClientSessionBinding.java:285) ~[mongodb-driver-reactivestreams-5.0.1.jar:na]
	at com.mongodb.internal.binding.AsyncClusterBinding.lambda$getAsyncClusterBindingConnectionSource$1(AsyncClusterBinding.java:148) ~[mongodb-driver-core-5.0.1.jar:na]
	at com.mongodb.internal.connection.BaseCluster$ServerSelectionRequest.onResult(BaseCluster.java:423) ~[mongodb-driver-core-5.0.1.jar:na]
	at com.mongodb.internal.connection.BaseCluster.handleServerSelectionRequest(BaseCluster.java:293) ~[mongodb-driver-core-5.0.1.jar:na]
	at com.mongodb.internal.connection.BaseCluster.access$800(BaseCluster.java:85) ~[mongodb-driver-core-5.0.1.jar:na]
	at com.mongodb.internal.connection.BaseCluster$WaitQueueHandler.run(BaseCluster.java:475) ~[mongodb-driver-core-5.0.1.jar:na]
	at java.base/java.lang.Thread.run(Thread.java:1583) ~[na:na]
Caused by: com.mongodb.MongoTimeoutException: Timed out while waiting for a server that matches ReadPreferenceServerSelector{readPreference=primary}. Client view of cluster state is {type=UNKNOWN, servers=[{address=localhost:27017, type=UNKNOWN, state=CONNECTING, exception={com.mongodb.MongoSocketOpenException: Exception opening socket}, caused by {io.netty.channel.AbstractChannel$AnnotatedConnectException: Connection refused: getsockopt: localhost/[0:0:0:0:0:0:0:1]:27017}, caused by {java.net.ConnectException: Connection refused: getsockopt}}]
	at com.mongodb.internal.connection.BaseCluster.createAndLogTimeoutException(BaseCluster.java:392) ~[mongodb-driver-core-5.0.1.jar:na]
	... 4 common frames omitted

2025-12-24T16:22:26.436+09:00  INFO 51132 --- [yt-orchestrator-spring] [ctor-http-nio-3] org.mongodb.driver.cluster               : Waiting for server to become available for operation with ID 2. Remaining time: 29999 ms. Selector: ReadPreferenceServerSelector{readPreference=primary}, topology description: {type=UNKNOWN, servers=[{address=localhost:27017, type=UNKNOWN, state=CONNECTING, exception={com.mongodb.MongoSocketOpenException: Exception opening socket}, caused by {io.netty.channel.AbstractChannel$AnnotatedConnectException: Connection refused: getsockopt: localhost/[0:0:0:0:0:0:0:1]:27017}, caused by {java.net.ConnectException: Connection refused: getsockopt}}].
2025-12-24T16:22:56.443+09:00  WARN 51132 --- [yt-orchestrator-spring] [2b31b14ce104c25] o.s.b.a.d.m.MongoReactiveHealthIndicator : Mongo health check failed

org.springframework.dao.DataAccessResourceFailureException: Timed out while waiting for a server that matches ReadPreferenceServerSelector{readPreference=primary}. Client view of cluster state is {type=UNKNOWN, servers=[{address=localhost:27017, type=UNKNOWN, state=CONNECTING, exception={com.mongodb.MongoSocketOpenException: Exception opening socket}, caused by {io.netty.channel.AbstractChannel$AnnotatedConnectException: Connection refused: getsockopt: localhost/[0:0:0:0:0:0:0:1]:27017}, caused by {java.net.ConnectException: Connection refused: getsockopt}}]
	at org.springframework.data.mongodb.core.MongoExceptionTranslator.translateExceptionIfPossible(MongoExceptionTranslator.java:88) ~[spring-data-mongodb-4.3.6.jar:4.3.6]
	at org.springframework.data.mongodb.core.ReactiveMongoTemplate.potentiallyConvertRuntimeException(ReactiveMongoTemplate.java:2768) ~[spring-data-mongodb-4.3.6.jar:4.3.6]
	at org.springframework.data.mongodb.core.ReactiveMongoTemplate.lambda$translateException$99(ReactiveMongoTemplate.java:2751) ~[spring-data-mongodb-4.3.6.jar:4.3.6]
	at reactor.core.publisher.Flux.lambda$onErrorMap$28(Flux.java:7275) ~[reactor-core-3.6.12.jar:3.6.12]
	at reactor.core.publisher.FluxOnErrorResume$ResumeSubscriber.onError(FluxOnErrorResume.java:94) ~[reactor-core-3.6.12.jar:3.6.12]
	at reactor.core.publisher.MonoFlatMapMany$FlatMapManyInner.onError(MonoFlatMapMany.java:256) ~[reactor-core-3.6.12.jar:3.6.12]
	at reactor.core.publisher.MonoNext$NextSubscriber.onError(MonoNext.java:93) ~[reactor-core-3.6.12.jar:3.6.12]
	at reactor.core.publisher.MonoNext$NextSubscriber.onError(MonoNext.java:93) ~[reactor-core-3.6.12.jar:3.6.12]
	at reactor.core.publisher.MonoFlatMap$FlatMapMain.secondError(MonoFlatMap.java:241) ~[reactor-core-3.6.12.jar:3.6.12]
	at reactor.core.publisher.MonoFlatMap$FlatMapInner.onError(MonoFlatMap.java:315) ~[reactor-core-3.6.12.jar:3.6.12]
	at reactor.core.publisher.MonoPeekTerminal$MonoTerminalPeekSubscriber.onError(MonoPeekTerminal.java:258) ~[reactor-core-3.6.12.jar:3.6.12]
	at reactor.core.publisher.MonoCreate$DefaultMonoSink.error(MonoCreate.java:205) ~[reactor-core-3.6.12.jar:3.6.12]
	at com.mongodb.reactivestreams.client.internal.MongoOperationPublisher.lambda$sinkToCallback$33(MongoOperationPublisher.java:520) ~[mongodb-driver-reactivestreams-5.0.1.jar:na]
	at com.mongodb.reactivestreams.client.internal.OperationExecutorImpl.lambda$execute$2(OperationExecutorImpl.java:94) ~[mongodb-driver-reactivestreams-5.0.1.jar:na]
	at com.mongodb.internal.async.ErrorHandlingResultCallback.onResult(ErrorHandlingResultCallback.java:47) ~[mongodb-driver-core-5.0.1.jar:na]
	at com.mongodb.internal.async.function.AsyncCallbackSupplier.lambda$whenComplete$1(AsyncCallbackSupplier.java:97) ~[mongodb-driver-core-5.0.1.jar:na]
	at com.mongodb.internal.async.function.RetryingAsyncCallbackSupplier$RetryingCallback.onResult(RetryingAsyncCallbackSupplier.java:118) ~[mongodb-driver-core-5.0.1.jar:na]
	at com.mongodb.internal.async.ErrorHandlingResultCallback.onResult(ErrorHandlingResultCallback.java:47) ~[mongodb-driver-core-5.0.1.jar:na]
	at com.mongodb.internal.operation.AsyncOperationHelper.lambda$withAsyncSuppliedResource$3(AsyncOperationHelper.java:130) ~[mongodb-driver-core-5.0.1.jar:na]
	at com.mongodb.reactivestreams.client.internal.ClientSessionBinding$WrappingCallback.onResult(ClientSessionBinding.java:295) ~[mongodb-driver-reactivestreams-5.0.1.jar:na]
	at com.mongodb.reactivestreams.client.internal.ClientSessionBinding$WrappingCallback.onResult(ClientSessionBinding.java:285) ~[mongodb-driver-reactivestreams-5.0.1.jar:na]
	at com.mongodb.internal.binding.AsyncClusterBinding.lambda$getAsyncClusterBindingConnectionSource$1(AsyncClusterBinding.java:148) ~[mongodb-driver-core-5.0.1.jar:na]
	at com.mongodb.internal.connection.BaseCluster$ServerSelectionRequest.onResult(BaseCluster.java:423) ~[mongodb-driver-core-5.0.1.jar:na]
	at com.mongodb.internal.connection.BaseCluster.handleServerSelectionRequest(BaseCluster.java:293) ~[mongodb-driver-core-5.0.1.jar:na]
	at com.mongodb.internal.connection.BaseCluster.access$800(BaseCluster.java:85) ~[mongodb-driver-core-5.0.1.jar:na]
	at com.mongodb.internal.connection.BaseCluster$WaitQueueHandler.run(BaseCluster.java:475) ~[mongodb-driver-core-5.0.1.jar:na]
	at java.base/java.lang.Thread.run(Thread.java:1583) ~[na:na]
Caused by: com.mongodb.MongoTimeoutException: Timed out while waiting for a server that matches ReadPreferenceServerSelector{readPreference=primary}. Client view of cluster state is {type=UNKNOWN, servers=[{address=localhost:27017, type=UNKNOWN, state=CONNECTING, exception={com.mongodb.MongoSocketOpenException: Exception opening socket}, caused by {io.netty.channel.AbstractChannel$AnnotatedConnectException: Connection refused: getsockopt: localhost/[0:0:0:0:0:0:0:1]:27017}, caused by {java.net.ConnectException: Connection refused: getsockopt}}]
	at com.mongodb.internal.connection.BaseCluster.createAndLogTimeoutException(BaseCluster.java:392) ~[mongodb-driver-core-5.0.1.jar:na]
	... 4 common frames omitted

2025-12-24T16:23:19.649+09:00  INFO 51132 --- [yt-orchestrator-spring] [ctor-http-nio-6] org.mongodb.driver.cluster               : Waiting for server to become available for operation with ID 3. Remaining time: 29999 ms. Selector: ReadPreferenceServerSelector{readPreference=primary}, topology description: {type=UNKNOWN, servers=[{address=localhost:27017, type=UNKNOWN, state=CONNECTING, exception={com.mongodb.MongoSocketOpenException: Exception opening socket}, caused by {io.netty.channel.AbstractChannel$AnnotatedConnectException: Connection refused: getsockopt: localhost/[0:0:0:0:0:0:0:1]:27017}, caused by {java.net.ConnectException: Connection refused: getsockopt}}].
2025-12-24T16:23:49.656+09:00  WARN 51132 --- [yt-orchestrator-spring] [2b31b14ce104c25] o.s.b.a.d.m.MongoReactiveHealthIndicator : Mongo health check failed

org.springframework.dao.DataAccessResourceFailureException: Timed out while waiting for a server that matches ReadPreferenceServerSelector{readPreference=primary}. Client view of cluster state is {type=UNKNOWN, servers=[{address=localhost:27017, type=UNKNOWN, state=CONNECTING, exception={com.mongodb.MongoSocketOpenException: Exception opening socket}, caused by {io.netty.channel.AbstractChannel$AnnotatedConnectException: Connection refused: getsockopt: localhost/[0:0:0:0:0:0:0:1]:27017}, caused by {java.net.ConnectException: Connection refused: getsockopt}}]
	at org.springframework.data.mongodb.core.MongoExceptionTranslator.translateExceptionIfPossible(MongoExceptionTranslator.java:88) ~[spring-data-mongodb-4.3.6.jar:4.3.6]
	at org.springframework.data.mongodb.core.ReactiveMongoTemplate.potentiallyConvertRuntimeException(ReactiveMongoTemplate.java:2768) ~[spring-data-mongodb-4.3.6.jar:4.3.6]
	at org.springframework.data.mongodb.core.ReactiveMongoTemplate.lambda$translateException$99(ReactiveMongoTemplate.java:2751) ~[spring-data-mongodb-4.3.6.jar:4.3.6]
	at reactor.core.publisher.Flux.lambda$onErrorMap$28(Flux.java:7275) ~[reactor-core-3.6.12.jar:3.6.12]
	at reactor.core.publisher.FluxOnErrorResume$ResumeSubscriber.onError(FluxOnErrorResume.java:94) ~[reactor-core-3.6.12.jar:3.6.12]
	at reactor.core.publisher.MonoFlatMapMany$FlatMapManyInner.onError(MonoFlatMapMany.java:256) ~[reactor-core-3.6.12.jar:3.6.12]
	at reactor.core.publisher.MonoNext$NextSubscriber.onError(MonoNext.java:93) ~[reactor-core-3.6.12.jar:3.6.12]
	at reactor.core.publisher.MonoNext$NextSubscriber.onError(MonoNext.java:93) ~[reactor-core-3.6.12.jar:3.6.12]
	at reactor.core.publisher.MonoFlatMap$FlatMapMain.secondError(MonoFlatMap.java:241) ~[reactor-core-3.6.12.jar:3.6.12]
	at reactor.core.publisher.MonoFlatMap$FlatMapInner.onError(MonoFlatMap.java:315) ~[reactor-core-3.6.12.jar:3.6.12]
	at reactor.core.publisher.MonoPeekTerminal$MonoTerminalPeekSubscriber.onError(MonoPeekTerminal.java:258) ~[reactor-core-3.6.12.jar:3.6.12]
	at reactor.core.publisher.MonoCreate$DefaultMonoSink.error(MonoCreate.java:205) ~[reactor-core-3.6.12.jar:3.6.12]
	at com.mongodb.reactivestreams.client.internal.MongoOperationPublisher.lambda$sinkToCallback$33(MongoOperationPublisher.java:520) ~[mongodb-driver-reactivestreams-5.0.1.jar:na]
	at com.mongodb.reactivestreams.client.internal.OperationExecutorImpl.lambda$execute$2(OperationExecutorImpl.java:94) ~[mongodb-driver-reactivestreams-5.0.1.jar:na]
	at com.mongodb.internal.async.ErrorHandlingResultCallback.onResult(ErrorHandlingResultCallback.java:47) ~[mongodb-driver-core-5.0.1.jar:na]
	at com.mongodb.internal.async.function.AsyncCallbackSupplier.lambda$whenComplete$1(AsyncCallbackSupplier.java:97) ~[mongodb-driver-core-5.0.1.jar:na]
	at com.mongodb.internal.async.function.RetryingAsyncCallbackSupplier$RetryingCallback.onResult(RetryingAsyncCallbackSupplier.java:118) ~[mongodb-driver-core-5.0.1.jar:na]
	at com.mongodb.internal.async.ErrorHandlingResultCallback.onResult(ErrorHandlingResultCallback.java:47) ~[mongodb-driver-core-5.0.1.jar:na]
	at com.mongodb.internal.operation.AsyncOperationHelper.lambda$withAsyncSuppliedResource$3(AsyncOperationHelper.java:130) ~[mongodb-driver-core-5.0.1.jar:na]
	at com.mongodb.reactivestreams.client.internal.ClientSessionBinding$WrappingCallback.onResult(ClientSessionBinding.java:295) ~[mongodb-driver-reactivestreams-5.0.1.jar:na]
	at com.mongodb.reactivestreams.client.internal.ClientSessionBinding$WrappingCallback.onResult(ClientSessionBinding.java:285) ~[mongodb-driver-reactivestreams-5.0.1.jar:na]
	at com.mongodb.internal.binding.AsyncClusterBinding.lambda$getAsyncClusterBindingConnectionSource$1(AsyncClusterBinding.java:148) ~[mongodb-driver-core-5.0.1.jar:na]
	at com.mongodb.internal.connection.BaseCluster$ServerSelectionRequest.onResult(BaseCluster.java:423) ~[mongodb-driver-core-5.0.1.jar:na]
	at com.mongodb.internal.connection.BaseCluster.handleServerSelectionRequest(BaseCluster.java:293) ~[mongodb-driver-core-5.0.1.jar:na]
	at com.mongodb.internal.connection.BaseCluster.access$800(BaseCluster.java:85) ~[mongodb-driver-core-5.0.1.jar:na]
	at com.mongodb.internal.connection.BaseCluster$WaitQueueHandler.run(BaseCluster.java:475) ~[mongodb-driver-core-5.0.1.jar:na]
	at java.base/java.lang.Thread.run(Thread.java:1583) ~[na:na]
Caused by: com.mongodb.MongoTimeoutException: Timed out while waiting for a server that matches ReadPreferenceServerSelector{readPreference=primary}. Client view of cluster state is {type=UNKNOWN, servers=[{address=localhost:27017, type=UNKNOWN, state=CONNECTING, exception={com.mongodb.MongoSocketOpenException: Exception opening socket}, caused by {io.netty.channel.AbstractChannel$AnnotatedConnectException: Connection refused: getsockopt: localhost/[0:0:0:0:0:0:0:1]:27017}, caused by {java.net.ConnectException: Connection refused: getsockopt}}]
	at com.mongodb.internal.connection.BaseCluster.createAndLogTimeoutException(BaseCluster.java:392) ~[mongodb-driver-core-5.0.1.jar:na]
	... 4 common frames omitted

2025-12-24T16:23:49.708+09:00  INFO 51132 --- [yt-orchestrator-spring] [ctor-http-nio-7] org.mongodb.driver.cluster               : Waiting for server to become available for operation with ID 4. Remaining time: 29999 ms. Selector: ReadPreferenceServerSelector{readPreference=primary}, topology description: {type=UNKNOWN, servers=[{address=localhost:27017, type=UNKNOWN, state=CONNECTING, exception={com.mongodb.MongoSocketOpenException: Exception opening socket}, caused by {io.netty.channel.AbstractChannel$AnnotatedConnectException: Connection refused: getsockopt: localhost/[0:0:0:0:0:0:0:1]:27017}, caused by {java.net.ConnectException: Connection refused: getsockopt}}].
2025-12-24T16:24:40.111+09:00 ERROR 51132 --- [yt-orchestrator-spring] [tor-http-nio-11] a.w.r.e.AbstractErrorWebExceptionHandler : [9c3275ff-8]  500 Server Error for HTTP GET "/api/auth/google"

java.lang.IllegalStateException: Missing env var: GOOGLE_CLIENT_ID
	at com.charge0315.yt.service.GoogleOAuthService.requireEnv(GoogleOAuthService.java:119) ~[main/:na]
	Suppressed: reactor.core.publisher.FluxOnAssembly$OnAssemblyException: 
Error has been observed at the following site(s):
	*__checkpoint ⇢ org.springframework.web.cors.reactive.CorsWebFilter [DefaultWebFilterChain]
	*__checkpoint ⇢ HTTP GET "/api/auth/google" [ExceptionHandlingWebHandler]
Original Stack Trace:
		at com.charge0315.yt.service.GoogleOAuthService.requireEnv(GoogleOAuthService.java:119) ~[main/:na]
		at com.charge0315.yt.service.GoogleOAuthService.buildAuthorizationUri(GoogleOAuthService.java:33) ~[main/:na]
		at com.charge0315.yt.controller.AuthController.googleOAuthStart(AuthController.java:81) ~[main/:na]
		at java.base/jdk.internal.reflect.DirectMethodHandleAccessor.invoke(DirectMethodHandleAccessor.java:103) ~[na:na]
		at java.base/java.lang.reflect.Method.invoke(Method.java:580) ~[na:na]
		at org.springframework.web.reactive.result.method.InvocableHandlerMethod.lambda$invoke$0(InvocableHandlerMethod.java:198) ~[spring-webflux-6.1.15.jar:6.1.15]
		at reactor.core.publisher.MonoFlatMap$FlatMapMain.onNext(MonoFlatMap.java:132) ~[reactor-core-3.6.12.jar:3.6.12]
		at reactor.core.publisher.MonoZip$ZipCoordinator.signal(MonoZip.java:297) ~[reactor-core-3.6.12.jar:3.6.12]
		at reactor.core.publisher.MonoZip$ZipInner.onNext(MonoZip.java:478) ~[reactor-core-3.6.12.jar:3.6.12]
		at reactor.core.publisher.MonoPeekTerminal$MonoTerminalPeekSubscriber.onNext(MonoPeekTerminal.java:180) ~[reactor-core-3.6.12.jar:3.6.12]
		at reactor.core.publisher.Operators$ScalarSubscription.request(Operators.java:2571) ~[reactor-core-3.6.12.jar:3.6.12]
		at reactor.core.publisher.MonoPeekTerminal$MonoTerminalPeekSubscriber.request(MonoPeekTerminal.java:139) ~[reactor-core-3.6.12.jar:3.6.12]
		at reactor.core.publisher.MonoZip$ZipInner.onSubscribe(MonoZip.java:470) ~[reactor-core-3.6.12.jar:3.6.12]
		at reactor.core.publisher.MonoPeekTerminal$MonoTerminalPeekSubscriber.onSubscribe(MonoPeekTerminal.java:152) ~[reactor-core-3.6.12.jar:3.6.12]
		at reactor.core.publisher.MonoJust.subscribe(MonoJust.java:55) ~[reactor-core-3.6.12.jar:3.6.12]
		at reactor.core.publisher.InternalMonoOperator.subscribe(InternalMonoOperator.java:76) ~[reactor-core-3.6.12.jar:3.6.12]
		at reactor.core.publisher.MonoZip$ZipCoordinator.request(MonoZip.java:220) ~[reactor-core-3.6.12.jar:3.6.12]
		at reactor.core.publisher.MonoFlatMap$FlatMapMain.request(MonoFlatMap.java:194) ~[reactor-core-3.6.12.jar:3.6.12]
		at reactor.core.publisher.MonoIgnoreThen$ThenIgnoreMain.onSubscribe(MonoIgnoreThen.java:135) ~[reactor-core-3.6.12.jar:3.6.12]
		at reactor.core.publisher.MonoFlatMap$FlatMapMain.onSubscribe(MonoFlatMap.java:117) ~[reactor-core-3.6.12.jar:3.6.12]
		at reactor.core.publisher.MonoZip.subscribe(MonoZip.java:129) ~[reactor-core-3.6.12.jar:3.6.12]
		at reactor.core.publisher.InternalMonoOperator.subscribe(InternalMonoOperator.java:76) ~[reactor-core-3.6.12.jar:3.6.12]
		at reactor.core.publisher.MonoDefer.subscribe(MonoDefer.java:53) ~[reactor-core-3.6.12.jar:3.6.12]
		at reactor.core.publisher.MonoIgnoreThen$ThenIgnoreMain.subscribeNext(MonoIgnoreThen.java:241) ~[reactor-core-3.6.12.jar:3.6.12]
		at reactor.core.publisher.MonoIgnoreThen$ThenIgnoreMain.onComplete(MonoIgnoreThen.java:204) ~[reactor-core-3.6.12.jar:3.6.12]
		at reactor.core.publisher.MonoFlatMap$FlatMapMain.onComplete(MonoFlatMap.java:189) ~[reactor-core-3.6.12.jar:3.6.12]
		at reactor.core.publisher.Operators.complete(Operators.java:137) ~[reactor-core-3.6.12.jar:3.6.12]
		at reactor.core.publisher.MonoZip.subscribe(MonoZip.java:121) ~[reactor-core-3.6.12.jar:3.6.12]
		at reactor.core.publisher.Mono.subscribe(Mono.java:4576) ~[reactor-core-3.6.12.jar:3.6.12]
		at reactor.core.publisher.MonoIgnoreThen$ThenIgnoreMain.subscribeNext(MonoIgnoreThen.java:265) ~[reactor-core-3.6.12.jar:3.6.12]
		at reactor.core.publisher.MonoIgnoreThen.subscribe(MonoIgnoreThen.java:51) ~[reactor-core-3.6.12.jar:3.6.12]
		at reactor.core.publisher.InternalMonoOperator.subscribe(InternalMonoOperator.java:76) ~[reactor-core-3.6.12.jar:3.6.12]
		at reactor.core.publisher.MonoFlatMap$FlatMapMain.onNext(MonoFlatMap.java:165) ~[reactor-core-3.6.12.jar:3.6.12]
		at reactor.core.publisher.FluxOnErrorResume$ResumeSubscriber.onNext(FluxOnErrorResume.java:79) ~[reactor-core-3.6.12.jar:3.6.12]
		at reactor.core.publisher.FluxSwitchIfEmpty$SwitchIfEmptySubscriber.onNext(FluxSwitchIfEmpty.java:74) ~[reactor-core-3.6.12.jar:3.6.12]
		at reactor.core.publisher.MonoNext$NextSubscriber.onNext(MonoNext.java:82) ~[reactor-core-3.6.12.jar:3.6.12]
		at reactor.core.publisher.FluxConcatMapNoPrefetch$FluxConcatMapNoPrefetchSubscriber.innerNext(FluxConcatMapNoPrefetch.java:259) ~[reactor-core-3.6.12.jar:3.6.12]
		at reactor.core.publisher.FluxConcatMap$ConcatMapInner.onNext(FluxConcatMap.java:865) ~[reactor-core-3.6.12.jar:3.6.12]
		at reactor.core.publisher.FluxMapFuseable$MapFuseableSubscriber.onNext(FluxMapFuseable.java:129) ~[reactor-core-3.6.12.jar:3.6.12]
		at reactor.core.publisher.MonoPeekTerminal$MonoTerminalPeekSubscriber.onNext(MonoPeekTerminal.java:180) ~[reactor-core-3.6.12.jar:3.6.12]
		at reactor.core.publisher.Operators$ScalarSubscription.request(Operators.java:2571) ~[reactor-core-3.6.12.jar:3.6.12]
		at reactor.core.publisher.MonoPeekTerminal$MonoTerminalPeekSubscriber.request(MonoPeekTerminal.java:139) ~[reactor-core-3.6.12.jar:3.6.12]
		at reactor.core.publisher.FluxMapFuseable$MapFuseableSubscriber.request(FluxMapFuseable.java:171) ~[reactor-core-3.6.12.jar:3.6.12]
		at reactor.core.publisher.Operators$MultiSubscriptionSubscriber.request(Operators.java:2331) ~[reactor-core-3.6.12.jar:3.6.12]
		at reactor.core.publisher.FluxConcatMapNoPrefetch$FluxConcatMapNoPrefetchSubscriber.request(FluxConcatMapNoPrefetch.java:339) ~[reactor-core-3.6.12.jar:3.6.12]
		at reactor.core.publisher.MonoNext$NextSubscriber.request(MonoNext.java:108) ~[reactor-core-3.6.12.jar:3.6.12]
		at reactor.core.publisher.Operators$MultiSubscriptionSubscriber.set(Operators.java:2367) ~[reactor-core-3.6.12.jar:3.6.12]
		at reactor.core.publisher.Operators$MultiSubscriptionSubscriber.onSubscribe(Operators.java:2241) ~[reactor-core-3.6.12.jar:3.6.12]
		at reactor.core.publisher.MonoNext$NextSubscriber.onSubscribe(MonoNext.java:70) ~[reactor-core-3.6.12.jar:3.6.12]
		at reactor.core.publisher.FluxConcatMapNoPrefetch$FluxConcatMapNoPrefetchSubscriber.onSubscribe(FluxConcatMapNoPrefetch.java:164) ~[reactor-core-3.6.12.jar:3.6.12]
		at reactor.core.publisher.FluxIterable.subscribe(FluxIterable.java:201) ~[reactor-core-3.6.12.jar:3.6.12]
		at reactor.core.publisher.FluxIterable.subscribe(FluxIterable.java:83) ~[reactor-core-3.6.12.jar:3.6.12]
		at reactor.core.publisher.InternalMonoOperator.subscribe(InternalMonoOperator.java:76) ~[reactor-core-3.6.12.jar:3.6.12]
		at reactor.core.publisher.MonoDefer.subscribe(MonoDefer.java:53) ~[reactor-core-3.6.12.jar:3.6.12]
		at reactor.core.publisher.InternalMonoOperator.subscribe(InternalMonoOperator.java:76) ~[reactor-core-3.6.12.jar:3.6.12]
		at reactor.core.publisher.MonoDefer.subscribe(MonoDefer.java:53) ~[reactor-core-3.6.12.jar:3.6.12]
		at reactor.core.publisher.Mono.subscribe(Mono.java:4576) ~[reactor-core-3.6.12.jar:3.6.12]
		at reactor.core.publisher.MonoIgnoreThen$ThenIgnoreMain.subscribeNext(MonoIgnoreThen.java:265) ~[reactor-core-3.6.12.jar:3.6.12]
		at reactor.core.publisher.MonoIgnoreThen.subscribe(MonoIgnoreThen.java:51) ~[reactor-core-3.6.12.jar:3.6.12]
		at reactor.core.publisher.InternalMonoOperator.subscribe(InternalMonoOperator.java:76) ~[reactor-core-3.6.12.jar:3.6.12]
		at reactor.core.publisher.MonoDeferContextual.subscribe(MonoDeferContextual.java:55) ~[reactor-core-3.6.12.jar:3.6.12]
		at reactor.netty.http.server.HttpServer$HttpServerHandle.onStateChange(HttpServer.java:1176) ~[reactor-netty-http-1.1.24.jar:1.1.24]
		at reactor.netty.ReactorNetty$CompositeConnectionObserver.onStateChange(ReactorNetty.java:716) ~[reactor-netty-core-1.1.24.jar:1.1.24]
		at reactor.netty.transport.ServerTransport$ChildObserver.onStateChange(ServerTransport.java:481) ~[reactor-netty-core-1.1.24.jar:1.1.24]
		at reactor.netty.http.server.HttpServerOperations.handleDefaultHttpRequest(HttpServerOperations.java:845) ~[reactor-netty-http-1.1.24.jar:1.1.24]
		at reactor.netty.http.server.HttpServerOperations.onInboundNext(HttpServerOperations.java:790) ~[reactor-netty-http-1.1.24.jar:1.1.24]
		at reactor.netty.channel.ChannelOperationsHandler.channelRead(ChannelOperationsHandler.java:115) ~[reactor-netty-core-1.1.24.jar:1.1.24]
		at io.netty.channel.AbstractChannelHandlerContext.invokeChannelRead(AbstractChannelHandlerContext.java:444) ~[netty-transport-4.1.115.Final.jar:4.1.115.Final]
		at io.netty.channel.AbstractChannelHandlerContext.invokeChannelRead(AbstractChannelHandlerContext.java:420) ~[netty-transport-4.1.115.Final.jar:4.1.115.Final]
		at io.netty.channel.AbstractChannelHandlerContext.fireChannelRead(AbstractChannelHandlerContext.java:412) ~[netty-transport-4.1.115.Final.jar:4.1.115.Final]
		at reactor.netty.http.server.HttpTrafficHandler.channelRead(HttpTrafficHandler.java:262) ~[reactor-netty-http-1.1.24.jar:1.1.24]
		at io.netty.channel.AbstractChannelHandlerContext.invokeChannelRead(AbstractChannelHandlerContext.java:442) ~[netty-transport-4.1.115.Final.jar:4.1.115.Final]
		at io.netty.channel.AbstractChannelHandlerContext.invokeChannelRead(AbstractChannelHandlerContext.java:420) ~[netty-transport-4.1.115.Final.jar:4.1.115.Final]
		at io.netty.channel.AbstractChannelHandlerContext.fireChannelRead(AbstractChannelHandlerContext.java:412) ~[netty-transport-4.1.115.Final.jar:4.1.115.Final]
		at io.netty.channel.CombinedChannelDuplexHandler$DelegatingChannelHandlerContext.fireChannelRead(CombinedChannelDuplexHandler.java:436) ~[netty-transport-4.1.115.Final.jar:4.1.115.Final]
		at io.netty.handler.codec.ByteToMessageDecoder.fireChannelRead(ByteToMessageDecoder.java:346) ~[netty-codec-4.1.115.Final.jar:4.1.115.Final]
		at io.netty.handler.codec.ByteToMessageDecoder.channelRead(ByteToMessageDecoder.java:318) ~[netty-codec-4.1.115.Final.jar:4.1.115.Final]
		at io.netty.channel.CombinedChannelDuplexHandler.channelRead(CombinedChannelDuplexHandler.java:251) ~[netty-transport-4.1.115.Final.jar:4.1.115.Final]
		at io.netty.channel.AbstractChannelHandlerContext.invokeChannelRead(AbstractChannelHandlerContext.java:442) ~[netty-transport-4.1.115.Final.jar:4.1.115.Final]
		at io.netty.channel.AbstractChannelHandlerContext.invokeChannelRead(AbstractChannelHandlerContext.java:420) ~[netty-transport-4.1.115.Final.jar:4.1.115.Final]
		at io.netty.channel.AbstractChannelHandlerContext.fireChannelRead(AbstractChannelHandlerContext.java:412) ~[netty-transport-4.1.115.Final.jar:4.1.115.Final]
		at io.netty.channel.DefaultChannelPipeline$HeadContext.channelRead(DefaultChannelPipeline.java:1357) ~[netty-transport-4.1.115.Final.jar:4.1.115.Final]
		at io.netty.channel.AbstractChannelHandlerContext.invokeChannelRead(AbstractChannelHandlerContext.java:440) ~[netty-transport-4.1.115.Final.jar:4.1.115.Final]
		at io.netty.channel.AbstractChannelHandlerContext.invokeChannelRead(AbstractChannelHandlerContext.java:420) ~[netty-transport-4.1.115.Final.jar:4.1.115.Final]
		at io.netty.channel.DefaultChannelPipeline.fireChannelRead(DefaultChannelPipeline.java:868) ~[netty-transport-4.1.115.Final.jar:4.1.115.Final]
		at io.netty.channel.nio.AbstractNioByteChannel$NioByteUnsafe.read(AbstractNioByteChannel.java:166) ~[netty-transport-4.1.115.Final.jar:4.1.115.Final]
		at io.netty.channel.nio.NioEventLoop.processSelectedKey(NioEventLoop.java:788) ~[netty-transport-4.1.115.Final.jar:4.1.115.Final]
		at io.netty.channel.nio.NioEventLoop.processSelectedKeysOptimized(NioEventLoop.java:724) ~[netty-transport-4.1.115.Final.jar:4.1.115.Final]
		at io.netty.channel.nio.NioEventLoop.processSelectedKeys(NioEventLoop.java:650) ~[netty-transport-4.1.115.Final.jar:4.1.115.Final]
		at io.netty.channel.nio.NioEventLoop.run(NioEventLoop.java:562) ~[netty-transport-4.1.115.Final.jar:4.1.115.Final]
		at io.netty.util.concurrent.SingleThreadEventExecutor$4.run(SingleThreadEventExecutor.java:997) ~[netty-common-4.1.115.Final.jar:4.1.115.Final]
		at io.netty.util.internal.ThreadExecutorMap$2.run(ThreadExecutorMap.java:74) ~[netty-common-4.1.115.Final.jar:4.1.115.Final]
		at io.netty.util.concurrent.FastThreadLocalRunnable.run(FastThreadLocalRunnable.java:30) ~[netty-common-4.1.115.Final.jar:4.1.115.Final]
		at java.base/java.lang.Thread.run(Thread.java:1583) ~[na:na]

